TN:
SF:contracts/src/NapFiAI.sol
DA:38,0
FN:38,NapFiAI.constructor
FNDA:0,NapFiAI.constructor
DA:39,0
BRDA:39,0,0,-
BRDA:39,0,1,-
DA:40,0
BRDA:40,1,0,-
BRDA:40,1,1,-
DA:42,0
DA:43,0
DA:44,0
DA:50,0
FN:50,NapFiAI.deployProtocol
FNDA:0,NapFiAI.deployProtocol
DA:51,0
BRDA:51,2,0,-
BRDA:51,2,1,-
DA:52,0
BRDA:52,3,0,-
BRDA:52,3,1,-
DA:56,0
DA:59,0
DA:60,0
DA:61,0
DA:64,0
DA:65,0
DA:66,0
DA:68,0
DA:77,0
FN:77,NapFiAI.addAaveStrategy
FNDA:0,NapFiAI.addAaveStrategy
DA:82,0
BRDA:82,4,0,-
BRDA:82,4,1,-
DA:83,0
BRDA:83,5,0,-
BRDA:83,5,1,-
DA:84,0
BRDA:84,6,0,-
BRDA:84,6,1,-
DA:85,0
BRDA:85,7,0,-
BRDA:85,7,1,-
DA:88,0
DA:96,0
DA:98,0
DA:105,0
FN:105,NapFiAI.transferOwnership
FNDA:0,NapFiAI.transferOwnership
DA:106,0
BRDA:106,8,0,-
BRDA:106,8,1,-
DA:107,0
BRDA:107,9,0,-
BRDA:107,9,1,-
DA:109,0
FNF:4
FNH:0
LF:29
LH:0
BRF:20
BRH:0
end_of_record
TN:
SF:contracts/src/core/AIDecisionModule.sol
DA:33,0
FN:33,AIDecisionModule.onlyOwner
FNDA:0,AIDecisionModule.onlyOwner
DA:34,0
BRDA:34,0,0,-
BRDA:34,0,1,-
DA:38,0
FN:38,AIDecisionModule.onlyOracle
FNDA:0,AIDecisionModule.onlyOracle
DA:39,0
BRDA:39,1,0,-
BRDA:39,1,1,-
DA:47,0
FN:47,AIDecisionModule.constructor
FNDA:0,AIDecisionModule.constructor
DA:48,0
BRDA:48,2,0,-
BRDA:48,2,1,-
DA:50,0
DA:51,0
DA:52,0
DA:60,0
FN:60,AIDecisionModule.updateAllocations
FNDA:0,AIDecisionModule.updateAllocations
DA:64,0
BRDA:64,3,0,-
BRDA:64,3,1,-
DA:68,0
BRDA:68,4,0,-
BRDA:68,4,1,-
DA:71,0
DA:72,0
DA:73,0
DA:75,0
BRDA:75,5,0,-
BRDA:75,5,1,-
DA:78,0
DA:85,0
BRDA:85,6,0,-
BRDA:85,6,1,-
DA:87,0
DA:88,0
DA:95,0
FN:95,AIDecisionModule.addOracle
FNDA:0,AIDecisionModule.addOracle
DA:96,0
BRDA:96,7,0,-
BRDA:96,7,1,-
DA:97,0
BRDA:97,8,0,-
BRDA:97,8,1,-
DA:99,0
DA:100,0
DA:107,0
FN:107,AIDecisionModule.removeOracle
FNDA:0,AIDecisionModule.removeOracle
DA:108,0
BRDA:108,9,0,-
BRDA:108,9,1,-
DA:110,0
DA:111,0
DA:118,0
FN:118,AIDecisionModule.setController
FNDA:0,AIDecisionModule.setController
DA:119,0
BRDA:119,10,0,-
BRDA:119,10,1,-
DA:121,0
DA:122,0
DA:129,0
FN:129,AIDecisionModule.setControllerForTesting
FNDA:0,AIDecisionModule.setControllerForTesting
DA:132,0
BRDA:132,11,0,-
BRDA:132,11,1,-
DA:134,0
DA:135,0
DA:142,0
FN:142,AIDecisionModule.transferOwnership
FNDA:0,AIDecisionModule.transferOwnership
DA:143,0
BRDA:143,12,0,-
BRDA:143,12,1,-
DA:145,0
FNF:9
FNH:0
LF:40
LH:0
BRF:26
BRH:0
end_of_record
TN:
SF:contracts/src/core/Controller.sol
DA:44,0
FN:44,Controller.onlyOwner
FNDA:0,Controller.onlyOwner
DA:45,0
BRDA:45,0,0,-
BRDA:45,0,1,-
DA:49,0
FN:49,Controller.onlyVault
FNDA:0,Controller.onlyVault
DA:50,0
BRDA:50,1,0,-
BRDA:50,1,1,-
DA:54,0
FN:54,Controller.onlyAIModule
FNDA:0,Controller.onlyAIModule
DA:55,0
BRDA:55,2,0,-
BRDA:55,2,1,-
DA:68,31
FN:68,Controller.constructor
FNDA:31,Controller.constructor
DA:69,31
BRDA:69,3,0,-
BRDA:69,3,1,31
DA:70,31
BRDA:70,4,0,-
BRDA:70,4,1,31
DA:71,31
BRDA:71,5,0,-
BRDA:71,5,1,31
DA:76,31
DA:77,31
DA:78,31
DA:79,31
DA:87,0
FN:87,Controller.addStrategy
FNDA:0,Controller.addStrategy
DA:91,0
BRDA:91,6,0,-
BRDA:91,6,1,-
DA:95,0
BRDA:95,7,0,-
BRDA:95,7,1,-
DA:96,0
BRDA:96,8,0,-
BRDA:96,8,1,-
DA:102,0
DA:103,0
DA:106,0
BRDA:106,9,0,-
DA:107,0
DA:110,0
DA:117,0
FN:117,Controller.removeStrategy
FNDA:0,Controller.removeStrategy
DA:118,0
BRDA:118,10,0,-
BRDA:118,10,1,-
DA:121,0
DA:122,0
BRDA:122,11,0,-
DA:123,0
DA:127,0
DA:128,0
BRDA:128,12,0,-
DA:129,0
DA:130,0
DA:131,0
DA:136,0
DA:137,0
DA:140,0
DA:142,0
DA:150,0
FN:150,Controller.updateAllocations
FNDA:0,Controller.updateAllocations
DA:154,0
BRDA:154,13,0,-
BRDA:154,13,1,-
DA:160,0
DA:161,0
DA:165,0
DA:166,0
DA:167,0
BRDA:167,14,0,-
BRDA:167,14,1,-
DA:171,0
DA:172,0
DA:174,0
DA:177,0
BRDA:177,15,0,-
BRDA:177,15,1,-
DA:183,0
DA:190,0
FN:190,Controller.depositToStrategies
FNDA:0,Controller.depositToStrategies
DA:191,0
BRDA:191,16,0,-
BRDA:191,16,1,-
DA:197,0
DA:205,0
BRDA:205,17,0,-
BRDA:205,17,1,-
DA:208,0
DA:209,0
DA:210,0
DA:212,0
BRDA:212,18,0,-
DA:213,0
DA:216,0
BRDA:216,19,0,-
DA:218,0
DA:225,0
BRDA:225,20,0,-
BRDA:225,20,1,-
DA:228,0
DA:233,0
DA:240,0
FN:240,Controller.withdrawFromStrategies
FNDA:0,Controller.withdrawFromStrategies
DA:243,0
BRDA:243,21,0,-
BRDA:243,21,1,-
DA:248,0
DA:251,0
DA:252,0
DA:253,0
DA:255,0
BRDA:255,22,0,-
DA:256,0
DA:257,0
DA:260,0
BRDA:260,23,0,-
DA:261,0
DA:262,0
DA:268,0
DA:275,0
BRDA:275,24,0,-
BRDA:275,24,1,-
DA:277,0
DA:278,0
DA:285,0
FN:285,Controller.emergencyWithdraw
FNDA:0,Controller.emergencyWithdraw
DA:286,0
DA:287,0
DA:288,0
DA:289,0
BRDA:289,25,0,-
DA:290,0
DA:295,0
DA:302,0
FN:302,Controller.harvestAll
FNDA:0,Controller.harvestAll
DA:303,0
DA:304,0
DA:305,0
DA:306,0
DA:307,0
DA:308,0
DA:310,0
DA:317,0
FN:317,Controller.harvest
FNDA:0,Controller.harvest
DA:318,0
BRDA:318,26,0,-
BRDA:318,26,1,-
DA:319,0
DA:320,0
DA:326,0
FN:326,Controller.getStrategyBalance
FNDA:0,Controller.getStrategyBalance
DA:327,0
DA:328,0
DA:329,0
DA:331,0
DA:337,0
FN:337,Controller.getStrategies
FNDA:0,Controller.getStrategies
DA:338,0
DA:339,0
DA:340,0
DA:342,0
DA:349,0
FN:349,Controller.setAIModule
FNDA:0,Controller.setAIModule
DA:350,0
BRDA:350,27,0,-
BRDA:350,27,1,-
DA:354,0
DA:355,0
DA:363,0
FN:363,Controller._updateAllocations
FNDA:0,Controller._updateAllocations
DA:367,0
BRDA:367,28,0,-
BRDA:367,28,1,-
DA:373,0
DA:374,0
DA:375,0
DA:376,0
BRDA:376,29,0,-
DA:377,0
DA:382,0
BRDA:382,30,0,-
BRDA:382,30,1,-
DA:388,0
DA:390,0
DA:396,0
FN:396,Controller._rebalance
FNDA:0,Controller._rebalance
DA:397,0
DA:399,0
BRDA:399,31,0,-
DA:400,0
DA:404,0
DA:405,0
DA:406,0
DA:407,0
DA:408,0
DA:412,0
BRDA:412,32,0,-
DA:413,0
BRDA:413,33,0,-
DA:415,0
DA:417,0
DA:421,0
BRDA:421,34,0,-
DA:423,0
DA:424,0
BRDA:424,35,0,-
DA:425,0
DA:431,0
DA:433,0
BRDA:433,36,0,-
DA:434,0
DA:435,0
DA:436,0
DA:439,0
BRDA:439,37,0,-
DA:440,0
DA:443,0
DA:444,0
DA:447,0
BRDA:447,38,0,-
DA:449,0
DA:450,0
BRDA:450,39,0,-
DA:452,0
DA:459,0
BRDA:459,40,0,-
BRDA:459,40,1,-
DA:462,0
DA:463,0
DA:473,0
FN:473,Controller._getTokenBalance
FNDA:0,Controller._getTokenBalance
DA:474,0
DA:477,0
BRDA:477,41,0,-
BRDA:477,41,1,-
DA:478,0
FNF:18
FNH:1
LF:159
LH:8
BRF:66
BRH:3
end_of_record
TN:
SF:contracts/src/core/Vault.sol
DA:40,0
FN:40,Vault.onlyController
FNDA:0,Vault.onlyController
DA:41,0
BRDA:41,0,0,-
BRDA:41,0,1,-
DA:54,0
FN:54,Vault.constructor
FNDA:0,Vault.constructor
DA:55,0
BRDA:55,1,0,-
BRDA:55,1,1,-
DA:56,0
BRDA:56,2,0,-
BRDA:56,2,1,-
DA:60,0
BRDA:60,3,0,-
BRDA:60,3,1,-
DA:65,0
DA:66,0
DA:67,0
DA:75,0
FN:75,Vault.deposit
FNDA:0,Vault.deposit
DA:76,0
BRDA:76,4,0,-
BRDA:76,4,1,-
DA:81,0
DA:89,0
BRDA:89,5,0,-
BRDA:89,5,1,-
DA:93,0
BRDA:93,6,0,-
BRDA:93,6,1,-
DA:94,0
DA:96,0
DA:100,0
DA:101,0
DA:104,0
DA:111,0
BRDA:111,7,0,-
BRDA:111,7,1,-
DA:114,0
DA:117,0
BRDA:117,8,0,-
BRDA:117,8,1,-
DA:119,0
DA:120,0
DA:128,0
FN:128,Vault.withdraw
FNDA:0,Vault.withdraw
DA:129,0
BRDA:129,9,0,-
BRDA:129,9,1,-
DA:130,0
BRDA:130,10,0,-
BRDA:130,10,1,-
DA:133,0
DA:134,0
DA:137,0
DA:138,0
DA:141,0
DA:142,0
DA:145,0
DA:148,0
BRDA:148,11,0,-
BRDA:148,11,1,-
DA:151,0
DA:158,0
BRDA:158,12,0,-
BRDA:158,12,1,-
DA:161,0
BRDA:161,13,0,-
DA:162,0
DA:169,0
BRDA:169,14,0,-
BRDA:169,14,1,-
DA:172,0
DA:173,0
DA:179,0
FN:179,Vault.getPricePerShare
FNDA:0,Vault.getPricePerShare
DA:180,0
BRDA:180,15,0,-
DA:181,0
DA:183,0
DA:190,0
FN:190,Vault.setPerformanceFee
FNDA:0,Vault.setPerformanceFee
DA:191,0
BRDA:191,16,0,-
BRDA:191,16,1,-
DA:192,0
DA:193,0
DA:200,0
FN:200,Vault.setWithdrawalFee
FNDA:0,Vault.setWithdrawalFee
DA:201,0
BRDA:201,17,0,-
BRDA:201,17,1,-
DA:202,0
DA:203,0
DA:210,0
FN:210,Vault.setFeeRecipient
FNDA:0,Vault.setFeeRecipient
DA:211,0
BRDA:211,18,0,-
BRDA:211,18,1,-
DA:215,0
DA:216,0
DA:223,0
FN:223,Vault.setController
FNDA:0,Vault.setController
DA:224,0
BRDA:224,19,0,-
BRDA:224,19,1,-
DA:228,0
DA:229,0
DA:236,0
FN:236,Vault.setControllerForTesting
FNDA:0,Vault.setControllerForTesting
DA:239,0
BRDA:239,20,0,-
BRDA:239,20,1,-
DA:243,0
DA:244,0
DA:251,0
FN:251,Vault._getVaultBalance
FNDA:0,Vault._getVaultBalance
DA:253,0
DA:256,0
BRDA:256,21,0,-
BRDA:256,21,1,-
DA:257,0
DA:260,0
DA:263,0
BRDA:263,22,0,-
BRDA:263,22,1,-
DA:264,0
DA:266,0
FNF:11
FNH:0
LF:74
LH:0
BRF:44
BRH:0
end_of_record
TN:
SF:contracts/src/core/YieldOptimizer.sol
DA:35,0
FN:35,YieldOptimizer.onlyOwner
FNDA:0,YieldOptimizer.onlyOwner
DA:36,0
BRDA:36,0,0,-
BRDA:36,0,1,-
DA:43,0
FN:43,YieldOptimizer.constructor
FNDA:0,YieldOptimizer.constructor
DA:44,0
DA:45,0
DA:52,0
FN:52,YieldOptimizer.addStrategy
FNDA:0,YieldOptimizer.addStrategy
DA:53,0
BRDA:53,1,0,-
BRDA:53,1,1,-
DA:57,0
BRDA:57,2,0,-
BRDA:57,2,1,-
DA:63,0
DA:64,0
DA:66,0
DA:73,0
FN:73,YieldOptimizer.removeStrategy
FNDA:0,YieldOptimizer.removeStrategy
DA:74,0
BRDA:74,3,0,-
BRDA:74,3,1,-
DA:77,0
DA:78,0
BRDA:78,4,0,-
DA:79,0
DA:80,0
DA:81,0
DA:86,0
DA:88,0
DA:95,0
FN:95,YieldOptimizer.setRiskPreference
FNDA:0,YieldOptimizer.setRiskPreference
DA:96,0
BRDA:96,5,0,-
BRDA:96,5,1,-
DA:100,0
DA:101,0
DA:108,0
FN:108,YieldOptimizer.setController
FNDA:0,YieldOptimizer.setController
DA:109,0
BRDA:109,6,0,-
BRDA:109,6,1,-
DA:113,0
DA:114,0
DA:123,0
FN:123,YieldOptimizer.calculateOptimalAllocation
FNDA:0,YieldOptimizer.calculateOptimalAllocation
DA:127,0
BRDA:127,7,0,-
BRDA:127,7,1,-
DA:131,0
BRDA:131,8,0,-
BRDA:131,8,1,-
DA:137,0
DA:140,0
DA:141,0
DA:143,0
DA:144,0
DA:145,0
DA:146,0
DA:150,0
DA:153,0
DA:155,0
DA:159,0
DA:163,0
BRDA:163,9,0,-
BRDA:163,9,1,-
DA:164,0
DA:166,0
DA:169,0
DA:173,0
DA:175,0
DA:176,0
DA:179,0
DA:183,0
BRDA:183,10,0,-
BRDA:183,10,1,-
DA:185,0
DA:186,0
DA:187,0
BRDA:187,11,0,-
DA:188,0
DA:191,0
DA:192,0
BRDA:192,12,0,-
DA:194,0
DA:195,0
DA:196,0
BRDA:196,13,0,-
DA:197,0
DA:200,0
DA:203,0
DA:211,0
FN:211,YieldOptimizer.updateControllerAllocations
FNDA:0,YieldOptimizer.updateControllerAllocations
DA:215,0
BRDA:215,14,0,-
BRDA:215,14,1,-
DA:216,0
BRDA:216,15,0,-
BRDA:216,15,1,-
DA:222,0
DA:229,0
BRDA:229,16,0,-
BRDA:229,16,1,-
DA:231,0
DA:237,0
FN:237,YieldOptimizer.optimizeAllocations
FNDA:0,YieldOptimizer.optimizeAllocations
DA:238,0
BRDA:238,17,0,-
BRDA:238,17,1,-
DA:239,0
BRDA:239,18,0,-
BRDA:239,18,1,-
DA:242,0
DA:248,0
DA:255,0
BRDA:255,19,0,-
BRDA:255,19,1,-
DA:257,0
DA:263,0
FN:263,YieldOptimizer.getStrategies
FNDA:0,YieldOptimizer.getStrategies
DA:264,0
DA:271,0
FN:271,YieldOptimizer.transferOwnership
FNDA:0,YieldOptimizer.transferOwnership
DA:272,0
BRDA:272,20,0,-
BRDA:272,20,1,-
DA:276,0
FNF:11
FNH:0
LF:81
LH:0
BRF:38
BRH:0
end_of_record
TN:
SF:contracts/src/strategies/AaveStrategy.sol
DA:26,0
FN:26,AaveStrategy.constructor
FNDA:0,AaveStrategy.constructor
DA:32,0
BRDA:32,0,0,-
BRDA:32,0,1,-
DA:36,0
BRDA:36,1,0,-
BRDA:36,1,1,-
DA:41,0
DA:42,0
DA:48,0
FN:48,AaveStrategy.getAPY
FNDA:0,AaveStrategy.getAPY
DA:51,0
DA:57,0
FN:57,AaveStrategy.getTVL
FNDA:0,AaveStrategy.getTVL
DA:58,0
DA:66,0
FN:66,AaveStrategy.deposit
FNDA:0,AaveStrategy.deposit
DA:69,0
BRDA:69,2,0,-
BRDA:69,2,1,-
DA:75,0
DA:83,0
BRDA:83,3,0,-
BRDA:83,3,1,-
DA:86,0
DA:93,0
BRDA:93,4,0,-
BRDA:93,4,1,-
DA:112,0
DA:115,0
DA:117,0
DA:125,0
FN:125,AaveStrategy.withdraw
FNDA:0,AaveStrategy.withdraw
DA:128,0
BRDA:128,5,0,-
BRDA:128,5,1,-
DA:133,0
DA:134,0
BRDA:134,6,0,-
BRDA:134,6,1,-
DA:152,0
DA:155,0
DA:162,0
BRDA:162,7,0,-
BRDA:162,7,1,-
DA:165,0
DA:167,0
DA:174,0
FN:174,AaveStrategy.harvest
FNDA:0,AaveStrategy.harvest
DA:177,0
DA:180,0
DA:183,0
DA:185,0
DA:191,0
FN:191,AaveStrategy.balanceOf
FNDA:0,AaveStrategy.balanceOf
DA:194,0
DA:197,0
BRDA:197,8,0,-
BRDA:197,8,1,-
DA:198,0
DA:205,0
FN:205,AaveStrategy.emergencyWithdraw
FNDA:0,AaveStrategy.emergencyWithdraw
DA:206,0
DA:208,0
BRDA:208,9,0,-
DA:225,0
DA:228,0
DA:235,0
BRDA:235,10,0,-
BRDA:235,10,1,-
DA:238,0
FNF:8
FNH:0
LF:43
LH:0
BRF:21
BRH:0
end_of_record
TN:
SF:contracts/src/strategies/BaseStrategy.sol
DA:39,4
FN:39,BaseStrategy.onlyController
FNDA:4,BaseStrategy.onlyController
DA:40,4
BRDA:40,0,0,-
BRDA:40,0,1,4
DA:47,3
FN:47,BaseStrategy.whenNotPaused
FNDA:3,BaseStrategy.whenNotPaused
DA:48,3
BRDA:48,1,0,1
BRDA:48,1,1,17
DA:59,31
FN:59,BaseStrategy.constructor
FNDA:31,BaseStrategy.constructor
DA:65,31
BRDA:65,2,0,-
BRDA:65,2,1,31
DA:66,31
BRDA:66,3,0,-
BRDA:66,3,1,31
DA:70,31
BRDA:70,4,0,-
BRDA:70,4,1,31
DA:75,31
DA:76,31
DA:77,31
DA:78,31
DA:79,31
DA:85,1
FN:85,BaseStrategy.name
FNDA:1,BaseStrategy.name
DA:86,1
DA:92,1
FN:92,BaseStrategy.getRiskScore
FNDA:1,BaseStrategy.getRiskScore
DA:93,1
DA:99,2
FN:99,BaseStrategy.pause
FNDA:2,BaseStrategy.pause
DA:100,2
DA:101,2
DA:107,1
FN:107,BaseStrategy.unpause
FNDA:1,BaseStrategy.unpause
DA:108,1
DA:109,1
DA:115,3
FN:115,BaseStrategy.isPaused
FNDA:3,BaseStrategy.isPaused
DA:116,3
DA:124,0
FN:124,BaseStrategy.withdrawAll
FNDA:0,BaseStrategy.withdrawAll
DA:132,0
DA:140,0
FN:140,BaseStrategy.emergencyWithdraw
FNDA:0,BaseStrategy.emergencyWithdraw
DA:148,0
DA:155,16
FN:155,BaseStrategy._deposit
FNDA:16,BaseStrategy._deposit
DA:156,16
DA:157,16
DA:164,4
FN:164,BaseStrategy._withdraw
FNDA:4,BaseStrategy._withdraw
DA:165,4
BRDA:165,5,0,1
BRDA:165,5,1,3
DA:166,1
DA:168,3
DA:170,4
DA:177,0
FN:177,BaseStrategy.getTotalDeposits
FNDA:0,BaseStrategy.getTotalDeposits
DA:178,0
DA:185,1
FN:185,BaseStrategy._harvest
FNDA:1,BaseStrategy._harvest
DA:186,1
FNF:14
FNH:11
LF:41
LH:35
BRF:12
BRH:8
end_of_record
TN:
SF:contracts/test/BaseStrategy.t.sol
DA:21,0
FN:21,TestStrategy.deposit
FNDA:0,TestStrategy.deposit
DA:22,0
BRDA:22,0,0,-
BRDA:22,0,1,-
DA:25,0
DA:33,0
BRDA:33,1,0,-
BRDA:33,1,1,-
DA:35,0
DA:36,0
DA:37,0
DA:40,0
FN:40,TestStrategy.withdraw
FNDA:0,TestStrategy.withdraw
DA:41,0
BRDA:41,2,0,-
BRDA:41,2,1,-
DA:43,0
DA:44,0
DA:47,0
DA:54,0
BRDA:54,3,0,-
BRDA:54,3,1,-
DA:56,0
DA:57,0
DA:60,0
FN:60,TestStrategy.withdrawAll
FNDA:0,TestStrategy.withdrawAll
DA:61,0
DA:62,0
DA:65,0
DA:72,0
BRDA:72,4,0,-
BRDA:72,4,1,-
DA:74,0
DA:77,0
FN:77,TestStrategy.emergencyWithdraw
FNDA:0,TestStrategy.emergencyWithdraw
DA:78,0
DA:79,0
DA:82,0
DA:89,0
BRDA:89,5,0,-
BRDA:89,5,1,-
DA:91,0
DA:92,0
DA:95,0
FN:95,TestStrategy.harvest
FNDA:0,TestStrategy.harvest
DA:97,0
DA:98,0
DA:99,0
DA:102,0
FN:102,TestStrategy.getAPY
FNDA:0,TestStrategy.getAPY
DA:103,0
DA:106,0
FN:106,TestStrategy.getTVL
FNDA:0,TestStrategy.getTVL
DA:107,0
DA:110,0
FN:110,TestStrategy.balanceOf
FNDA:0,TestStrategy.balanceOf
DA:111,0
DA:115,0
FN:115,TestStrategy.setMockAPY
FNDA:0,TestStrategy.setMockAPY
DA:116,0
FNF:9
FNH:0
LF:40
LH:0
BRF:12
BRH:0
end_of_record
TN:
SF:contracts/test/mocks/MockCToken.sol
DA:31,31
FN:31,MockCToken.constructor
FNDA:31,MockCToken.constructor
DA:37,31
DA:38,31
DA:39,31
DA:40,31
DA:43,31
DA:44,31
DA:45,31
DA:46,31
DA:49,16
FN:49,MockCToken.mint
FNDA:16,MockCToken.mint
DA:51,1
BRDA:51,0,0,1
DA:52,1
DA:56,15
DA:59,15
DA:62,15
DA:64,15
DA:67,2
FN:67,MockCToken.redeem
FNDA:2,MockCToken.redeem
DA:69,1
BRDA:69,1,0,1
DA:70,1
DA:73,1
BRDA:73,2,0,-
BRDA:73,2,1,1
DA:76,1
DA:79,1
DA:82,1
DA:84,1
DA:87,5
FN:87,MockCToken.redeemUnderlying
FNDA:5,MockCToken.redeemUnderlying
DA:89,2
BRDA:89,3,0,2
DA:90,2
DA:94,3
DA:96,3
BRDA:96,4,0,-
BRDA:96,4,1,3
DA:99,3
DA:102,3
DA:104,3
DA:107,19
FN:107,MockCToken.balanceOf
FNDA:19,MockCToken.balanceOf
DA:108,19
DA:111,4
FN:111,MockCToken.balanceOfUnderlying
FNDA:4,MockCToken.balanceOfUnderlying
DA:112,4
DA:115,0
FN:115,MockCToken.exchangeRateCurrent
FNDA:0,MockCToken.exchangeRateCurrent
DA:116,0
DA:119,14
FN:119,MockCToken.exchangeRateStored
FNDA:14,MockCToken.exchangeRateStored
DA:120,14
DA:123,3
FN:123,MockCToken.supplyRatePerBlock
FNDA:3,MockCToken.supplyRatePerBlock
DA:124,3
DA:129,32
FN:129,MockCToken.setExchangeRate
FNDA:32,MockCToken.setExchangeRate
DA:130,32
DA:133,3
FN:133,MockCToken.setSupplyRate
FNDA:3,MockCToken.setSupplyRate
DA:134,3
DA:137,3
FN:137,MockCToken.setAccruedInterest
FNDA:3,MockCToken.setAccruedInterest
DA:138,3
DA:141,3
FN:141,MockCToken.getAccruedInterest
FNDA:3,MockCToken.getAccruedInterest
DA:142,3
DA:146,1
FN:146,MockCToken.setMintFail
FNDA:1,MockCToken.setMintFail
DA:147,1
DA:150,1
FN:150,MockCToken.setRedeemFail
FNDA:1,MockCToken.setRedeemFail
DA:151,1
DA:154,2
FN:154,MockCToken.setRedeemUnderlyingFail
FNDA:2,MockCToken.setRedeemUnderlyingFail
DA:155,2
FNF:16
FNH:15
LF:56
LH:54
BRF:7
BRH:5
end_of_record
TN:
SF:contracts/test/mocks/MockComptroller.sol
DA:18,31
FN:18,MockComptroller.constructor
FNDA:31,MockComptroller.constructor
DA:19,31
DA:26,0
FN:26,MockComptroller.addMarket
FNDA:0,MockComptroller.addMarket
DA:27,0
DA:35,0
FN:35,MockComptroller.isMarketListed
FNDA:0,MockComptroller.isMarketListed
DA:36,0
DA:44,0
FN:44,MockComptroller.enterMarkets
FNDA:0,MockComptroller.enterMarkets
DA:45,0
DA:47,0
DA:48,0
DA:49,0
DA:52,0
DA:60,0
FN:60,MockComptroller.exitMarket
FNDA:0,MockComptroller.exitMarket
DA:61,0
DA:69,0
FN:69,MockComptroller.claimComp
FNDA:0,MockComptroller.claimComp
DA:72,0
DA:73,0
DA:83,0
FN:83,MockComptroller.setCompAccrued
FNDA:0,MockComptroller.setCompAccrued
DA:84,0
DA:93,0
FN:93,MockComptroller.getCompAccrued
FNDA:0,MockComptroller.getCompAccrued
DA:94,0
FNF:8
FNH:1
LF:21
LH:2
BRF:0
BRH:0
end_of_record
TN:
SF:contracts/test/mocks/MockERC20.sol
DA:24,31
FN:24,MockERC20.constructor
FNDA:31,MockERC20.constructor
DA:25,31
DA:26,31
DA:27,31
DA:30,57
FN:30,MockERC20.balanceOf
FNDA:57,MockERC20.balanceOf
DA:31,0
BRDA:31,0,0,-
DA:32,0
DA:34,57
DA:37,22
FN:37,MockERC20.mint
FNDA:22,MockERC20.mint
DA:38,22
DA:39,22
DA:40,22
DA:43,0
FN:43,MockERC20.burn
FNDA:0,MockERC20.burn
DA:44,0
DA:45,0
DA:46,0
DA:49,8
FN:49,MockERC20.transfer
FNDA:8,MockERC20.transfer
DA:50,0
BRDA:50,1,0,-
DA:51,0
DA:53,8
DA:56,31
FN:56,MockERC20.transferFrom
FNDA:31,MockERC20.transferFrom
DA:57,0
BRDA:57,2,0,-
DA:58,0
DA:61,31
BRDA:61,3,0,31
DA:62,31
DA:63,31
BRDA:63,4,0,16
DA:64,16
BRDA:64,5,0,-
BRDA:64,5,1,16
DA:65,16
DA:69,31
DA:72,49
FN:72,MockERC20.approve
FNDA:49,MockERC20.approve
DA:73,49
DA:74,49
DA:75,49
DA:78,39
FN:78,MockERC20._transfer
FNDA:39,MockERC20._transfer
DA:79,39
BRDA:79,6,0,-
BRDA:79,6,1,39
DA:80,39
BRDA:80,7,0,-
BRDA:80,7,1,39
DA:81,39
BRDA:81,8,0,-
BRDA:81,8,1,39
DA:83,39
DA:84,39
DA:86,39
DA:87,39
DA:91,0
FN:91,MockERC20.setTransferShouldRevert
FNDA:0,MockERC20.setTransferShouldRevert
DA:92,0
DA:95,0
FN:95,MockERC20.setBalanceOfShouldRevert
FNDA:0,MockERC20.setBalanceOfShouldRevert
DA:96,0
FNF:10
FNH:7
LF:45
LH:31
BRF:13
BRH:6
end_of_record
TN:
SF:contracts/test/mocks/MockStrategy.sol
DA:46,0
FN:46,MockStrategy.setMockDepositSuccess
FNDA:0,MockStrategy.setMockDepositSuccess
DA:47,0
DA:54,0
FN:54,MockStrategy.setMockWithdrawSuccess
FNDA:0,MockStrategy.setMockWithdrawSuccess
DA:55,0
DA:62,0
FN:62,MockStrategy.setMockHarvestSuccess
FNDA:0,MockStrategy.setMockHarvestSuccess
DA:63,0
DA:70,0
FN:70,MockStrategy.setMockBalance
FNDA:0,MockStrategy.setMockBalance
DA:71,0
DA:78,0
FN:78,MockStrategy.setMockAPY
FNDA:0,MockStrategy.setMockAPY
DA:79,0
DA:86,0
FN:86,MockStrategy.setShouldFailDeposit
FNDA:0,MockStrategy.setShouldFailDeposit
DA:87,0
DA:94,0
FN:94,MockStrategy.setShouldFailWithdraw
FNDA:0,MockStrategy.setShouldFailWithdraw
DA:95,0
DA:102,0
FN:102,MockStrategy.setShouldFailHarvest
FNDA:0,MockStrategy.setShouldFailHarvest
DA:103,0
DA:110,0
FN:110,MockStrategy.setShouldFailEmergencyWithdraw
FNDA:0,MockStrategy.setShouldFailEmergencyWithdraw
DA:111,0
DA:119,0
FN:119,MockStrategy.deposit
FNDA:0,MockStrategy.deposit
DA:120,0
BRDA:120,0,0,-
DA:121,0
DA:124,0
BRDA:124,1,0,-
DA:125,0
DA:128,0
DA:131,0
DA:133,0
DA:141,0
FN:141,MockStrategy.withdraw
FNDA:0,MockStrategy.withdraw
DA:142,0
BRDA:142,2,0,-
DA:143,0
DA:146,0
BRDA:146,3,0,-
BRDA:146,3,1,-
DA:147,0
BRDA:147,4,0,-
DA:148,0
DA:149,0
DA:150,0
DA:152,0
DA:153,0
DA:160,0
FN:160,MockStrategy.withdrawAll
FNDA:0,MockStrategy.withdrawAll
DA:161,0
BRDA:161,5,0,-
DA:162,0
DA:165,0
BRDA:165,6,0,-
BRDA:165,6,1,-
DA:166,0
DA:167,0
DA:168,0
DA:175,0
FN:175,MockStrategy.harvest
FNDA:0,MockStrategy.harvest
DA:176,0
BRDA:176,7,0,-
DA:177,0
DA:180,0
BRDA:180,8,0,-
BRDA:180,8,1,-
DA:181,0
DA:182,0
DA:189,0
FN:189,MockStrategy.balanceOf
FNDA:0,MockStrategy.balanceOf
DA:190,0
DA:197,0
FN:197,MockStrategy.getAPY
FNDA:0,MockStrategy.getAPY
DA:198,0
DA:205,0
FN:205,MockStrategy.getTVL
FNDA:0,MockStrategy.getTVL
DA:206,0
DA:213,0
FN:213,MockStrategy.emergencyWithdraw
FNDA:0,MockStrategy.emergencyWithdraw
DA:214,0
BRDA:214,9,0,-
DA:215,0
DA:218,0
DA:219,0
DA:220,0
DA:221,0
DA:228,0
FN:228,MockStrategy.setMockHarvestAmount
FNDA:0,MockStrategy.setMockHarvestAmount
DA:229,0
DA:235,0
FN:235,MockStrategy.resetHarvestCalled
FNDA:0,MockStrategy.resetHarvestCalled
DA:236,0
FNF:19
FNH:0
LF:66
LH:0
BRF:13
BRH:0
end_of_record
TN:
SF:contracts/test/mocks/SimpleTestStrategy.sol
DA:23,0
FN:23,SimpleTestStrategy.deposit
FNDA:0,SimpleTestStrategy.deposit
DA:24,0
BRDA:24,0,0,-
BRDA:24,0,1,-
DA:25,0
DA:26,0
DA:27,0
DA:30,0
FN:30,SimpleTestStrategy.withdraw
FNDA:0,SimpleTestStrategy.withdraw
DA:31,0
BRDA:31,1,0,-
BRDA:31,1,1,-
DA:34,0
DA:35,0
BRDA:35,2,0,-
DA:36,0
DA:39,0
DA:40,0
DA:41,0
DA:44,0
FN:44,SimpleTestStrategy.withdrawAll
FNDA:0,SimpleTestStrategy.withdrawAll
DA:45,0
DA:46,0
DA:47,0
DA:50,0
FN:50,SimpleTestStrategy.emergencyWithdraw
FNDA:0,SimpleTestStrategy.emergencyWithdraw
DA:51,0
DA:52,0
DA:53,0
DA:54,0
DA:57,0
FN:57,SimpleTestStrategy.harvest
FNDA:0,SimpleTestStrategy.harvest
DA:58,0
DA:59,0
DA:60,0
DA:61,0
DA:64,0
FN:64,SimpleTestStrategy.getAPY
FNDA:0,SimpleTestStrategy.getAPY
DA:65,0
DA:68,0
FN:68,SimpleTestStrategy.getTVL
FNDA:0,SimpleTestStrategy.getTVL
DA:69,0
DA:72,0
FN:72,SimpleTestStrategy.balanceOf
FNDA:0,SimpleTestStrategy.balanceOf
DA:73,0
DA:76,0
FN:76,SimpleTestStrategy.harvestCalled
FNDA:0,SimpleTestStrategy.harvestCalled
DA:77,0
DA:80,0
FN:80,SimpleTestStrategy.setAPY
FNDA:0,SimpleTestStrategy.setAPY
DA:81,0
DA:84,0
FN:84,SimpleTestStrategy.setBalance
FNDA:0,SimpleTestStrategy.setBalance
DA:85,0
FNF:11
FNH:0
LF:39
LH:0
BRF:5
BRH:0
end_of_record
